{"/Users/neil/Documents/STUDY_RESEARCH/testing/App.js": {"path":"/Users/neil/Documents/STUDY_RESEARCH/testing/App.js","statementMap":{"0":{"start":{"line":1,"column":42},"end":{"line":1,"column":97}},"1":{"start":{"line":1,"column":128},"end":{"line":1,"column":184}},"2":{"start":{"line":1,"column":185},"end":{"line":1,"column":247}},"3":{"start":{"line":1,"column":247},"end":{"line":1,"column":272}},"4":{"start":{"line":1,"column":295},"end":{"line":1,"column":367}},"5":{"start":{"line":1,"column":388},"end":{"line":1,"column":457}},"6":{"start":{"line":1,"column":492},"end":{"line":1,"column":575}},"7":{"start":{"line":1,"column":599},"end":{"line":1,"column":671}},"8":{"start":{"line":1,"column":689},"end":{"line":1,"column":755}},"9":{"start":{"line":9,"column":13},"end":{"line":9,"column":54}},"10":{"start":{"line":10,"column":19},"end":{"line":10,"column":42}},"11":{"start":{"line":10,"column":62},"end":{"line":10,"column":115}},"12":{"start":{"line":12,"column":19},"end":{"line":16,"column":46}},"13":{"start":{"line":20,"column":6},"end":{"line":29,"column":40}},"14":{"start":{"line":20,"column":29},"end":{"line":20,"column":70}},"15":{"start":{"line":20,"column":86},"end":{"line":20,"column":127}},"16":{"start":{"line":20,"column":127},"end":{"line":20,"column":240}},"17":{"start":{"line":20,"column":241},"end":{"line":29,"column":10}},"18":{"start":{"line":22,"column":6},"end":{"line":26,"column":158}},"19":{"start":{"line":29,"column":10},"end":{"line":29,"column":21}},"20":{"start":{"line":29,"column":41},"end":{"line":29,"column":63}},"21":{"start":{"line":32,"column":13},"end":{"line":47,"column":24}}},"fnMap":{"0":{"name":"(anonymous_0)","decl":{"start":{"line":20,"column":6},"end":{"line":20,"column":7}},"loc":{"start":{"line":20,"column":28},"end":{"line":29,"column":22}},"line":20},"1":{"name":"App","decl":{"start":{"line":20,"column":79},"end":{"line":20,"column":82}},"loc":{"start":{"line":20,"column":85},"end":{"line":20,"column":241}},"line":20},"2":{"name":"render","decl":{"start":{"line":20,"column":307},"end":{"line":20,"column":313}},"loc":{"start":{"line":21,"column":4},"end":{"line":29,"column":5}},"line":21}},"branchMap":{},"s":{"0":1,"1":1,"2":1,"3":1,"4":1,"5":1,"6":1,"7":1,"8":1,"9":1,"10":1,"11":1,"12":1,"13":1,"14":1,"15":1,"16":1,"17":1,"18":1,"19":1,"20":1,"21":1},"f":{"0":1,"1":1,"2":1},"b":{},"_coverageSchema":"43e27e138ebf9cfc5966b082cf9a028302ed4184","hash":"c0a3cc62a6faf7873c189eb9b54f80a88886a46d"}
,"/Users/neil/Documents/STUDY_RESEARCH/testing/src/chat_box.js": {"path":"/Users/neil/Documents/STUDY_RESEARCH/testing/src/chat_box.js","statementMap":{},"fnMap":{},"branchMap":{},"s":{},"f":{},"b":{},"_coverageSchema":"43e27e138ebf9cfc5966b082cf9a028302ed4184","hash":"a456bc0ec4efe151d90f33dcf4f3044ce961fd10"}
,"/Users/neil/Documents/STUDY_RESEARCH/testing/src/chat_bubble.js": {"path":"/Users/neil/Documents/STUDY_RESEARCH/testing/src/chat_bubble.js","statementMap":{"0":{"start":{"line":1,"column":42},"end":{"line":1,"column":97}},"1":{"start":{"line":1,"column":128},"end":{"line":1,"column":184}},"2":{"start":{"line":1,"column":185},"end":{"line":1,"column":247}},"3":{"start":{"line":1,"column":247},"end":{"line":1,"column":272}},"4":{"start":{"line":1,"column":295},"end":{"line":1,"column":367}},"5":{"start":{"line":1,"column":388},"end":{"line":1,"column":457}},"6":{"start":{"line":1,"column":492},"end":{"line":1,"column":575}},"7":{"start":{"line":1,"column":599},"end":{"line":1,"column":671}},"8":{"start":{"line":1,"column":689},"end":{"line":1,"column":755}},"9":{"start":{"line":1,"column":769},"end":{"line":1,"column":810}},"10":{"start":{"line":2,"column":19},"end":{"line":2,"column":42}},"11":{"start":{"line":3,"column":17},"end":{"line":3,"column":62}},"12":{"start":{"line":3,"column":82},"end":{"line":3,"column":147}},"13":{"start":{"line":5,"column":0},"end":{"line":5,"column":37}},"14":{"start":{"line":5,"column":46},"end":{"line":5,"column":67}},"15":{"start":{"line":7,"column":13},"end":{"line":23,"column":47}},"16":{"start":{"line":7,"column":36},"end":{"line":7,"column":84}},"17":{"start":{"line":7,"column":107},"end":{"line":7,"column":155}},"18":{"start":{"line":7,"column":155},"end":{"line":7,"column":275}},"19":{"start":{"line":7,"column":276},"end":{"line":23,"column":10}},"20":{"start":{"line":9,"column":24},"end":{"line":9,"column":46}},"21":{"start":{"line":10,"column":6},"end":{"line":10,"column":25}},"22":{"start":{"line":10,"column":35},"end":{"line":10,"column":62}},"23":{"start":{"line":10,"column":73},"end":{"line":10,"column":101}},"24":{"start":{"line":10,"column":111},"end":{"line":10,"column":138}},"25":{"start":{"line":11,"column":32},"end":{"line":11,"column":106}},"26":{"start":{"line":12,"column":32},"end":{"line":12,"column":101}},"27":{"start":{"line":14,"column":6},"end":{"line":19,"column":149}},"28":{"start":{"line":23,"column":10},"end":{"line":23,"column":28}},"29":{"start":{"line":26,"column":13},"end":{"line":55,"column":24}},"30":{"start":{"line":59,"column":0},"end":{"line":60,"column":51}},"31":{"start":{"line":63,"column":0},"end":{"line":63,"column":10}},"32":{"start":{"line":63,"column":11},"end":{"line":63,"column":38}}},"fnMap":{"0":{"name":"(anonymous_0)","decl":{"start":{"line":7,"column":13},"end":{"line":7,"column":14}},"loc":{"start":{"line":7,"column":35},"end":{"line":23,"column":29}},"line":7},"1":{"name":"ChatBubble","decl":{"start":{"line":7,"column":93},"end":{"line":7,"column":103}},"loc":{"start":{"line":7,"column":106},"end":{"line":7,"column":276}},"line":7},"2":{"name":"render","decl":{"start":{"line":7,"column":349},"end":{"line":7,"column":355}},"loc":{"start":{"line":8,"column":4},"end":{"line":23,"column":5}},"line":8}},"branchMap":{"0":{"loc":{"start":{"line":11,"column":32},"end":{"line":11,"column":106}},"type":"cond-expr","locations":[{"start":{"line":11,"column":57},"end":{"line":11,"column":79}},{"start":{"line":11,"column":82},"end":{"line":11,"column":106}}],"line":11},"1":{"loc":{"start":{"line":12,"column":32},"end":{"line":12,"column":101}},"type":"cond-expr","locations":[{"start":{"line":12,"column":57},"end":{"line":12,"column":75}},{"start":{"line":12,"column":78},"end":{"line":12,"column":101}}],"line":12}},"s":{"0":1,"1":1,"2":1,"3":1,"4":1,"5":1,"6":1,"7":1,"8":1,"9":1,"10":1,"11":1,"12":1,"13":1,"14":1,"15":1,"16":1,"17":1,"18":1,"19":1,"20":1,"21":1,"22":1,"23":1,"24":1,"25":1,"26":1,"27":1,"28":1,"29":1,"30":1,"31":1,"32":1},"f":{"0":1,"1":1,"2":1},"b":{"0":[1,0],"1":[1,0]},"_coverageSchema":"43e27e138ebf9cfc5966b082cf9a028302ed4184","hash":"b5848ab91f6195e3c85222f9fea23774f5973dcc"}
,"/Users/neil/Documents/STUDY_RESEARCH/testing/src/chat_window.js": {"path":"/Users/neil/Documents/STUDY_RESEARCH/testing/src/chat_window.js","statementMap":{"0":{"start":{"line":1,"column":42},"end":{"line":1,"column":97}},"1":{"start":{"line":1,"column":128},"end":{"line":1,"column":184}},"2":{"start":{"line":1,"column":185},"end":{"line":1,"column":247}},"3":{"start":{"line":1,"column":247},"end":{"line":1,"column":272}},"4":{"start":{"line":1,"column":295},"end":{"line":1,"column":367}},"5":{"start":{"line":1,"column":388},"end":{"line":1,"column":457}},"6":{"start":{"line":1,"column":492},"end":{"line":1,"column":575}},"7":{"start":{"line":1,"column":599},"end":{"line":1,"column":671}},"8":{"start":{"line":1,"column":689},"end":{"line":1,"column":755}},"9":{"start":{"line":1,"column":769},"end":{"line":1,"column":810}},"10":{"start":{"line":2,"column":19},"end":{"line":2,"column":42}},"11":{"start":{"line":3,"column":19},"end":{"line":3,"column":67}},"12":{"start":{"line":3,"column":87},"end":{"line":3,"column":152}},"13":{"start":{"line":5,"column":0},"end":{"line":5,"column":37}},"14":{"start":{"line":5,"column":46},"end":{"line":5,"column":67}},"15":{"start":{"line":7,"column":14},"end":{"line":25,"column":48}},"16":{"start":{"line":7,"column":37},"end":{"line":7,"column":86}},"17":{"start":{"line":7,"column":110},"end":{"line":7,"column":159}},"18":{"start":{"line":7,"column":159},"end":{"line":7,"column":280}},"19":{"start":{"line":7,"column":281},"end":{"line":25,"column":10}},"20":{"start":{"line":9,"column":21},"end":{"line":11,"column":91}},"21":{"start":{"line":13,"column":6},"end":{"line":21,"column":129}},"22":{"start":{"line":18,"column":60},"end":{"line":18,"column":69}},"23":{"start":{"line":18,"column":70},"end":{"line":19,"column":140}},"24":{"start":{"line":21,"column":53},"end":{"line":21,"column":68}},"25":{"start":{"line":25,"column":10},"end":{"line":25,"column":29}},"26":{"start":{"line":25,"column":49},"end":{"line":25,"column":79}},"27":{"start":{"line":28,"column":13},"end":{"line":31,"column":21}}},"fnMap":{"0":{"name":"(anonymous_0)","decl":{"start":{"line":7,"column":14},"end":{"line":7,"column":15}},"loc":{"start":{"line":7,"column":36},"end":{"line":25,"column":30}},"line":7},"1":{"name":"ChatWWindow","decl":{"start":{"line":7,"column":95},"end":{"line":7,"column":106}},"loc":{"start":{"line":7,"column":109},"end":{"line":7,"column":281}},"line":7},"2":{"name":"render","decl":{"start":{"line":7,"column":355},"end":{"line":7,"column":361}},"loc":{"start":{"line":8,"column":4},"end":{"line":25,"column":5}},"line":8},"3":{"name":"renderItem","decl":{"start":{"line":18,"column":31},"end":{"line":18,"column":41}},"loc":{"start":{"line":18,"column":48},"end":{"line":19,"column":141}},"line":18},"4":{"name":"keyExtractor","decl":{"start":{"line":21,"column":33},"end":{"line":21,"column":45}},"loc":{"start":{"line":21,"column":52},"end":{"line":21,"column":69}},"line":21}},"branchMap":{},"s":{"0":1,"1":1,"2":1,"3":1,"4":1,"5":1,"6":1,"7":1,"8":1,"9":1,"10":1,"11":1,"12":1,"13":1,"14":1,"15":1,"16":1,"17":1,"18":1,"19":1,"20":1,"21":1,"22":0,"23":0,"24":0,"25":1,"26":1,"27":1},"f":{"0":1,"1":1,"2":1,"3":0,"4":0},"b":{},"_coverageSchema":"43e27e138ebf9cfc5966b082cf9a028302ed4184","hash":"8c36db9aa25559ebd3d2cea018b6759e46e16d61"}
,"/Users/neil/Documents/STUDY_RESEARCH/testing/src/index.js": {"path":"/Users/neil/Documents/STUDY_RESEARCH/testing/src/index.js","statementMap":{"0":{"start":{"line":1,"column":42},"end":{"line":1,"column":97}},"1":{"start":{"line":1,"column":128},"end":{"line":1,"column":184}},"2":{"start":{"line":1,"column":185},"end":{"line":1,"column":247}},"3":{"start":{"line":1,"column":247},"end":{"line":1,"column":272}},"4":{"start":{"line":1,"column":295},"end":{"line":1,"column":367}},"5":{"start":{"line":1,"column":388},"end":{"line":1,"column":457}},"6":{"start":{"line":1,"column":492},"end":{"line":1,"column":575}},"7":{"start":{"line":1,"column":599},"end":{"line":1,"column":671}},"8":{"start":{"line":1,"column":689},"end":{"line":1,"column":755}},"9":{"start":{"line":1,"column":769},"end":{"line":1,"column":810}},"10":{"start":{"line":2,"column":19},"end":{"line":2,"column":42}},"11":{"start":{"line":3,"column":19},"end":{"line":3,"column":67}},"12":{"start":{"line":3,"column":87},"end":{"line":3,"column":146}},"13":{"start":{"line":5,"column":0},"end":{"line":5,"column":37}},"14":{"start":{"line":5,"column":46},"end":{"line":5,"column":67}},"15":{"start":{"line":7,"column":6},"end":{"line":17,"column":40}},"16":{"start":{"line":7,"column":29},"end":{"line":7,"column":70}},"17":{"start":{"line":7,"column":86},"end":{"line":7,"column":127}},"18":{"start":{"line":7,"column":127},"end":{"line":7,"column":240}},"19":{"start":{"line":7,"column":241},"end":{"line":17,"column":10}},"20":{"start":{"line":9,"column":6},"end":{"line":13,"column":146}},"21":{"start":{"line":17,"column":10},"end":{"line":17,"column":21}},"22":{"start":{"line":17,"column":41},"end":{"line":17,"column":63}},"23":{"start":{"line":20,"column":13},"end":{"line":32,"column":31}}},"fnMap":{"0":{"name":"(anonymous_0)","decl":{"start":{"line":7,"column":6},"end":{"line":7,"column":7}},"loc":{"start":{"line":7,"column":28},"end":{"line":17,"column":22}},"line":7},"1":{"name":"App","decl":{"start":{"line":7,"column":79},"end":{"line":7,"column":82}},"loc":{"start":{"line":7,"column":85},"end":{"line":7,"column":241}},"line":7},"2":{"name":"render","decl":{"start":{"line":7,"column":307},"end":{"line":7,"column":313}},"loc":{"start":{"line":8,"column":4},"end":{"line":17,"column":5}},"line":8}},"branchMap":{},"s":{"0":1,"1":1,"2":1,"3":1,"4":1,"5":1,"6":1,"7":1,"8":1,"9":1,"10":1,"11":1,"12":1,"13":1,"14":1,"15":1,"16":1,"17":1,"18":1,"19":1,"20":1,"21":1,"22":1,"23":1},"f":{"0":1,"1":1,"2":1},"b":{},"_coverageSchema":"43e27e138ebf9cfc5966b082cf9a028302ed4184","hash":"1446892067ef14bf3ae00f706878800b0db6193f"}
}
