TN:
SF:/Users/neil/Documents/STUDY_RESEARCH/testing/App.js
FN:20,(anonymous_0)
FN:20,App
FN:20,render
FNF:3
FNH:3
FNDA:1,(anonymous_0)
FNDA:1,App
FNDA:1,render
DA:1,1
DA:9,1
DA:10,1
DA:12,1
DA:20,1
DA:22,1
DA:29,1
DA:32,1
LF:8
LH:8
BRF:0
BRH:0
end_of_record
TN:
SF:/Users/neil/Documents/STUDY_RESEARCH/testing/src/chat_box.js
FNF:0
FNH:0
LF:0
LH:0
BRF:0
BRH:0
end_of_record
TN:
SF:/Users/neil/Documents/STUDY_RESEARCH/testing/src/chat_bubble.js
FN:7,(anonymous_0)
FN:7,ChatBubble
FN:7,render
FNF:3
FNH:3
FNDA:1,(anonymous_0)
FNDA:1,ChatBubble
FNDA:1,render
DA:1,1
DA:2,1
DA:3,1
DA:5,1
DA:7,1
DA:9,1
DA:10,1
DA:11,1
DA:12,1
DA:14,1
DA:23,1
DA:26,1
DA:59,1
DA:63,1
LF:14
LH:14
BRDA:11,0,0,1
BRDA:11,0,1,0
BRDA:12,1,0,1
BRDA:12,1,1,0
BRF:4
BRH:2
end_of_record
TN:
SF:/Users/neil/Documents/STUDY_RESEARCH/testing/src/chat_window.js
FN:7,(anonymous_0)
FN:7,ChatWWindow
FN:7,render
FN:18,renderItem
FN:21,keyExtractor
FNF:5
FNH:3
FNDA:1,(anonymous_0)
FNDA:1,ChatWWindow
FNDA:1,render
FNDA:0,renderItem
FNDA:0,keyExtractor
DA:1,1
DA:2,1
DA:3,1
DA:5,1
DA:7,1
DA:9,1
DA:13,1
DA:18,0
DA:21,0
DA:25,1
DA:28,1
LF:11
LH:9
BRF:0
BRH:0
end_of_record
TN:
SF:/Users/neil/Documents/STUDY_RESEARCH/testing/src/index.js
FN:7,(anonymous_0)
FN:7,App
FN:7,render
FNF:3
FNH:3
FNDA:1,(anonymous_0)
FNDA:1,App
FNDA:1,render
DA:1,1
DA:2,1
DA:3,1
DA:5,1
DA:7,1
DA:9,1
DA:17,1
DA:20,1
LF:8
LH:8
BRF:0
BRH:0
end_of_record
